<?xml version="1.0" encoding="UTF-8"?>
<!-- Generated by org.testng.reporters.JUnitReportReporter -->
<testsuite hostname="Balaji" failures="0" tests="1" name="tests.TestApp" time="70.530" errors="0" timestamp="2024-12-04T16:01:12 IST" skipped="0">
  <testcase classname="tests.TestApp" name="C1736451_CreateAccount" time="70.530"/>
  <system-out/>
</testsuite> <!-- tests.TestApp -->
