<?xml version="1.0" encoding="UTF-8"?>
<!-- Generated by org.testng.reporters.JUnitReportReporter -->
<testsuite hostname="Balaji.local" failures="0" tests="1" name="tests.TestApp" time="198.474" errors="0" timestamp="2024-12-06T20:10:41 IST" skipped="0">
  <testcase classname="tests.TestApp" name="C1736451_CreateAccount" time="198.474"/>
  <system-out/>
</testsuite> <!-- tests.TestApp -->
